<?xml version="1.0" encoding="UTF-8"?>
<!-- Generated by org.testng.reporters.JUnitXMLReporter -->
<testsuite hostname="MD1FT00C" name="Default test" tests="1" failures="0" timestamp="29 Jul 2019 20:20:36 GMT" time="47.768" errors="0">
  <testcase name="@BeforeClass beforeClass" time="0.0" classname="tests.NewTest">
    <failure type="org.openqa.selenium.WebDriverException" message="Failed to connect to binary FirefoxBinary(C:\Program Files (x86)\Mozilla Firefox\firefox.exe) on port 7055; process output follows: 
locker for LightweightThemeManager
1564431591904	addons.manager	DEBUG	Provider finished startup: LightweightThemeManager
1564431591904	addons.manager	DEBUG	Starting provider: GMPProvider
1564431591928	addons.manager	DEBUG	Registering shutdown blocker for GMPProvider
1564431591928	addons.manager	DEBUG	Provider finished startup: GMPProvider
1564431591929	addons.manager	DEBUG	Starting provider: PluginProvider
1564431591929	addons.manager	DEBUG	Registering shutdown blocker for PluginProvider
1564431591929	addons.manager	DEBUG	Provider finished startup: PluginProvider
1564431591929	addons.manager	DEBUG	Completed startup sequence
1564431593261	addons.repository	DEBUG	No addons.json found.
1564431593274	addons.manager	DEBUG	Starting provider: PreviousExperimentProvider
1564431593274	addons.manager	DEBUG	Registering shutdown blocker for PreviousExperimentProvider
1564431593274	addons.manager	DEBUG	Provider finished startup: PreviousExperimentProvider
1564431593334	addons.xpi-utils	DEBUG	XPI Database saved, setting schema version preference to 27
1564431593503	addons.xpi	INFO	Mapping fxdriver@googlecode.com to C:\Users\z002xetj\AppData\Local\Temp\anonymous3715787583298348586webdriver-profile\extensions\fxdriver@googlecode.com
1564431593503	addons.xpi	DEBUG	Ignoring file entry whose name is not a valid add-on ID: C:\Users\z002xetj\AppData\Local\Temp\anonymous3715787583298348586webdriver-profile\extensions\webdriver-staging
1564431593503	addons.xpi	DEBUG	Existing add-on fxdriver@googlecode.com in app-profile
1564431593504	addons.xpi	INFO	Mapping activity-stream@mozilla.org to C:\Program Files (x86)\Mozilla Firefox\browser\features\activity-stream@mozilla.org.xpi
1564431593504	addons.xpi	INFO	Mapping aushelper@mozilla.org to C:\Program Files (x86)\Mozilla Firefox\browser\features\aushelper@mozilla.org.xpi
1564431593504	addons.xpi	INFO	Mapping firefox@getpocket.com to C:\Program Files (x86)\Mozilla Firefox\browser\features\firefox@getpocket.com.xpi
1564431593504	addons.xpi	INFO	Mapping followonsearch@mozilla.com to C:\Program Files (x86)\Mozilla Firefox\browser\features\followonsearch@mozilla.com.xpi
1564431593504	addons.xpi	INFO	Mapping formautofill@mozilla.org to C:\Program Files (x86)\Mozilla Firefox\browser\features\formautofill@mozilla.org.xpi
1564431593504	addons.xpi	INFO	Mapping jaws-esr@mozilla.org to C:\Program Files (x86)\Mozilla Firefox\browser\features\jaws-esr@mozilla.org.xpi
1564431593504	addons.xpi	INFO	Mapping onboarding@mozilla.org to C:\Program Files (x86)\Mozilla Firefox\browser\features\onboarding@mozilla.org.xpi
1564431593504	addons.xpi	INFO	Mapping screenshots@mozilla.org to C:\Program Files (x86)\Mozilla Firefox\browser\features\screenshots@mozilla.org.xpi
1564431593504	addons.xpi	INFO	Mapping webcompat@mozilla.org to C:\Program Files (x86)\Mozilla Firefox\browser\features\webcompat@mozilla.org.xpi
1564431593504	addons.xpi	DEBUG	Existing add-on activity-stream@mozilla.org in app-system-defaults
1564431593504	addons.xpi	DEBUG	Existing add-on aushelper@mozilla.org in app-system-defaults
1564431593505	addons.xpi	DEBUG	Existing add-on firefox@getpocket.com in app-system-defaults
1564431593505	addons.xpi	DEBUG	Existing add-on followonsearch@mozilla.com in app-system-defaults
1564431593505	addons.xpi	DEBUG	Existing add-on formautofill@mozilla.org in app-system-defaults
1564431593505	addons.xpi	DEBUG	Existing add-on jaws-esr@mozilla.org in app-system-defaults
1564431593505	addons.xpi	DEBUG	Existing add-on onboarding@mozilla.org in app-system-defaults
1564431593505	addons.xpi	DEBUG	Existing add-on screenshots@mozilla.org in app-system-defaults
1564431593506	addons.xpi	DEBUG	Existing add-on webcompat@mozilla.org in app-system-defaults
1564431593506	addons.xpi	INFO	Mapping {972ce4c6-7e08-4474-a285-3208198ce6fd} to C:\Program Files (x86)\Mozilla Firefox\browser\extensions\{972ce4c6-7e08-4474-a285-3208198ce6fd}.xpi
1564431593506	addons.xpi	DEBUG	Existing add-on {972ce4c6-7e08-4474-a285-3208198ce6fd} in app-global
1564431593506	addons.xpi	DEBUG	getInstallState changed: false, state: {}

Build info: version: &amp;apos;2.53.0&amp;apos;, revision: &amp;apos;35ae25b1534ae328c771e0856c93e187490ca824&amp;apos;, time: &amp;apos;2016-03-15 10:43:46&amp;apos;
System info: host: &amp;apos;MD1FT00C&amp;apos;, ip: &amp;apos;192.168.56.1&amp;apos;, os.name: &amp;apos;Windows 7&amp;apos;, os.arch: &amp;apos;amd64&amp;apos;, os.version: &amp;apos;6.1&amp;apos;, java.version: &amp;apos;1.8.0_111&amp;apos;
Driver info: driver.version: FirefoxDriver">
      <![CDATA[org.openqa.selenium.WebDriverException: Failed to connect to binary FirefoxBinary(C:\Program Files (x86)\Mozilla Firefox\firefox.exe) on port 7055; process output follows: 
locker for LightweightThemeManager
1564431591904	addons.manager	DEBUG	Provider finished startup: LightweightThemeManager
1564431591904	addons.manager	DEBUG	Starting provider: GMPProvider
1564431591928	addons.manager	DEBUG	Registering shutdown blocker for GMPProvider
1564431591928	addons.manager	DEBUG	Provider finished startup: GMPProvider
1564431591929	addons.manager	DEBUG	Starting provider: PluginProvider
1564431591929	addons.manager	DEBUG	Registering shutdown blocker for PluginProvider
1564431591929	addons.manager	DEBUG	Provider finished startup: PluginProvider
1564431591929	addons.manager	DEBUG	Completed startup sequence
1564431593261	addons.repository	DEBUG	No addons.json found.
1564431593274	addons.manager	DEBUG	Starting provider: PreviousExperimentProvider
1564431593274	addons.manager	DEBUG	Registering shutdown blocker for PreviousExperimentProvider
1564431593274	addons.manager	DEBUG	Provider finished startup: PreviousExperimentProvider
1564431593334	addons.xpi-utils	DEBUG	XPI Database saved, setting schema version preference to 27
1564431593503	addons.xpi	INFO	Mapping fxdriver@googlecode.com to C:\Users\z002xetj\AppData\Local\Temp\anonymous3715787583298348586webdriver-profile\extensions\fxdriver@googlecode.com
1564431593503	addons.xpi	DEBUG	Ignoring file entry whose name is not a valid add-on ID: C:\Users\z002xetj\AppData\Local\Temp\anonymous3715787583298348586webdriver-profile\extensions\webdriver-staging
1564431593503	addons.xpi	DEBUG	Existing add-on fxdriver@googlecode.com in app-profile
1564431593504	addons.xpi	INFO	Mapping activity-stream@mozilla.org to C:\Program Files (x86)\Mozilla Firefox\browser\features\activity-stream@mozilla.org.xpi
1564431593504	addons.xpi	INFO	Mapping aushelper@mozilla.org to C:\Program Files (x86)\Mozilla Firefox\browser\features\aushelper@mozilla.org.xpi
1564431593504	addons.xpi	INFO	Mapping firefox@getpocket.com to C:\Program Files (x86)\Mozilla Firefox\browser\features\firefox@getpocket.com.xpi
1564431593504	addons.xpi	INFO	Mapping followonsearch@mozilla.com to C:\Program Files (x86)\Mozilla Firefox\browser\features\followonsearch@mozilla.com.xpi
1564431593504	addons.xpi	INFO	Mapping formautofill@mozilla.org to C:\Program Files (x86)\Mozilla Firefox\browser\features\formautofill@mozilla.org.xpi
1564431593504	addons.xpi	INFO	Mapping jaws-esr@mozilla.org to C:\Program Files (x86)\Mozilla Firefox\browser\features\jaws-esr@mozilla.org.xpi
1564431593504	addons.xpi	INFO	Mapping onboarding@mozilla.org to C:\Program Files (x86)\Mozilla Firefox\browser\features\onboarding@mozilla.org.xpi
1564431593504	addons.xpi	INFO	Mapping screenshots@mozilla.org to C:\Program Files (x86)\Mozilla Firefox\browser\features\screenshots@mozilla.org.xpi
1564431593504	addons.xpi	INFO	Mapping webcompat@mozilla.org to C:\Program Files (x86)\Mozilla Firefox\browser\features\webcompat@mozilla.org.xpi
1564431593504	addons.xpi	DEBUG	Existing add-on activity-stream@mozilla.org in app-system-defaults
1564431593504	addons.xpi	DEBUG	Existing add-on aushelper@mozilla.org in app-system-defaults
1564431593505	addons.xpi	DEBUG	Existing add-on firefox@getpocket.com in app-system-defaults
1564431593505	addons.xpi	DEBUG	Existing add-on followonsearch@mozilla.com in app-system-defaults
1564431593505	addons.xpi	DEBUG	Existing add-on formautofill@mozilla.org in app-system-defaults
1564431593505	addons.xpi	DEBUG	Existing add-on jaws-esr@mozilla.org in app-system-defaults
1564431593505	addons.xpi	DEBUG	Existing add-on onboarding@mozilla.org in app-system-defaults
1564431593505	addons.xpi	DEBUG	Existing add-on screenshots@mozilla.org in app-system-defaults
1564431593506	addons.xpi	DEBUG	Existing add-on webcompat@mozilla.org in app-system-defaults
1564431593506	addons.xpi	INFO	Mapping {972ce4c6-7e08-4474-a285-3208198ce6fd} to C:\Program Files (x86)\Mozilla Firefox\browser\extensions\{972ce4c6-7e08-4474-a285-3208198ce6fd}.xpi
1564431593506	addons.xpi	DEBUG	Existing add-on {972ce4c6-7e08-4474-a285-3208198ce6fd} in app-global
1564431593506	addons.xpi	DEBUG	getInstallState changed: false, state: {}

Build info: version: '2.53.0', revision: '35ae25b1534ae328c771e0856c93e187490ca824', time: '2016-03-15 10:43:46'
System info: host: 'MD1FT00C', ip: '192.168.56.1', os.name: 'Windows 7', os.arch: 'amd64', os.version: '6.1', java.version: '1.8.0_111'
Driver info: driver.version: FirefoxDriver
	at org.openqa.selenium.firefox.internal.NewProfileExtensionConnection.start(NewProfileExtensionConnection.java:125)
	at org.openqa.selenium.firefox.FirefoxDriver.startClient(FirefoxDriver.java:271)
	at org.openqa.selenium.remote.RemoteWebDriver.<init>(RemoteWebDriver.java:119)
	at org.openqa.selenium.firefox.FirefoxDriver.<init>(FirefoxDriver.java:216)
	at org.openqa.selenium.firefox.FirefoxDriver.<init>(FirefoxDriver.java:211)
	at org.openqa.selenium.firefox.FirefoxDriver.<init>(FirefoxDriver.java:207)
	at org.openqa.selenium.firefox.FirefoxDriver.<init>(FirefoxDriver.java:120)
	at tests.NewTest.beforeClass(NewTest.java:25)
	at sun.reflect.NativeMethodAccessorImpl.invoke0(Native Method)
	at sun.reflect.NativeMethodAccessorImpl.invoke(NativeMethodAccessorImpl.java:62)
	at sun.reflect.DelegatingMethodAccessorImpl.invoke(DelegatingMethodAccessorImpl.java:43)
	at java.lang.reflect.Method.invoke(Method.java:498)
	at org.testng.internal.MethodInvocationHelper.invokeMethod(MethodInvocationHelper.java:80)
	at org.testng.internal.Invoker.invokeConfigurationMethod(Invoker.java:564)
	at org.testng.internal.Invoker.invokeConfigurations(Invoker.java:213)
	at org.testng.internal.Invoker.invokeConfigurations(Invoker.java:138)
	at org.testng.internal.TestMethodWorker.invokeBeforeClassMethods(TestMethodWorker.java:175)
	at org.testng.internal.TestMethodWorker.run(TestMethodWorker.java:107)
	at org.testng.TestRunner.privateRun(TestRunner.java:767)
	at org.testng.TestRunner.run(TestRunner.java:617)
	at org.testng.SuiteRunner.runTest(SuiteRunner.java:334)
	at org.testng.SuiteRunner.runSequentially(SuiteRunner.java:329)
	at org.testng.SuiteRunner.privateRun(SuiteRunner.java:291)
	at org.testng.SuiteRunner.run(SuiteRunner.java:240)
	at org.testng.SuiteRunnerWorker.runSuite(SuiteRunnerWorker.java:52)
	at org.testng.SuiteRunnerWorker.run(SuiteRunnerWorker.java:86)
	at org.testng.TestNG.runSuitesSequentially(TestNG.java:1198)
	at org.testng.TestNG.runSuitesLocally(TestNG.java:1123)
	at org.testng.TestNG.run(TestNG.java:1031)
	at org.testng.remote.AbstractRemoteTestNG.run(AbstractRemoteTestNG.java:132)
	at org.testng.remote.RemoteTestNG.initAndRun(RemoteTestNG.java:236)
	at org.testng.remote.RemoteTestNG.main(RemoteTestNG.java:81)
Caused by: org.openqa.selenium.firefox.NotConnectedException: Unable to connect to host 127.0.0.1 on port 7055 after 45000 ms. Firefox console output:
locker for LightweightThemeManager
1564431591904	addons.manager	DEBUG	Provider finished startup: LightweightThemeManager
1564431591904	addons.manager	DEBUG	Starting provider: GMPProvider
1564431591928	addons.manager	DEBUG	Registering shutdown blocker for GMPProvider
1564431591928	addons.manager	DEBUG	Provider finished startup: GMPProvider
1564431591929	addons.manager	DEBUG	Starting provider: PluginProvider
1564431591929	addons.manager	DEBUG	Registering shutdown blocker for PluginProvider
1564431591929	addons.manager	DEBUG	Provider finished startup: PluginProvider
1564431591929	addons.manager	DEBUG	Completed startup sequence
1564431593261	addons.repository	DEBUG	No addons.json found.
1564431593274	addons.manager	DEBUG	Starting provider: PreviousExperimentProvider
1564431593274	addons.manager	DEBUG	Registering shutdown blocker for PreviousExperimentProvider
1564431593274	addons.manager	DEBUG	Provider finished startup: PreviousExperimentProvider
1564431593334	addons.xpi-utils	DEBUG	XPI Database saved, setting schema version preference to 27
1564431593503	addons.xpi	INFO	Mapping fxdriver@googlecode.com to C:\Users\z002xetj\AppData\Local\Temp\anonymous3715787583298348586webdriver-profile\extensions\fxdriver@googlecode.com
1564431593503	addons.xpi	DEBUG	Ignoring file entry whose name is not a valid add-on ID: C:\Users\z002xetj\AppData\Local\Temp\anonymous3715787583298348586webdriver-profile\extensions\webdriver-staging
1564431593503	addons.xpi	DEBUG	Existing add-on fxdriver@googlecode.com in app-profile
1564431593504	addons.xpi	INFO	Mapping activity-stream@mozilla.org to C:\Program Files (x86)\Mozilla Firefox\browser\features\activity-stream@mozilla.org.xpi
1564431593504	addons.xpi	INFO	Mapping aushelper@mozilla.org to C:\Program Files (x86)\Mozilla Firefox\browser\features\aushelper@mozilla.org.xpi
1564431593504	addons.xpi	INFO	Mapping firefox@getpocket.com to C:\Program Files (x86)\Mozilla Firefox\browser\features\firefox@getpocket.com.xpi
1564431593504	addons.xpi	INFO	Mapping followonsearch@mozilla.com to C:\Program Files (x86)\Mozilla Firefox\browser\features\followonsearch@mozilla.com.xpi
1564431593504	addons.xpi	INFO	Mapping formautofill@mozilla.org to C:\Program Files (x86)\Mozilla Firefox\browser\features\formautofill@mozilla.org.xpi
1564431593504	addons.xpi	INFO	Mapping jaws-esr@mozilla.org to C:\Program Files (x86)\Mozilla Firefox\browser\features\jaws-esr@mozilla.org.xpi
1564431593504	addons.xpi	INFO	Mapping onboarding@mozilla.org to C:\Program Files (x86)\Mozilla Firefox\browser\features\onboarding@mozilla.org.xpi
1564431593504	addons.xpi	INFO	Mapping screenshots@mozilla.org to C:\Program Files (x86)\Mozilla Firefox\browser\features\screenshots@mozilla.org.xpi
1564431593504	addons.xpi	INFO	Mapping webcompat@mozilla.org to C:\Program Files (x86)\Mozilla Firefox\browser\features\webcompat@mozilla.org.xpi
1564431593504	addons.xpi	DEBUG	Existing add-on activity-stream@mozilla.org in app-system-defaults
1564431593504	addons.xpi	DEBUG	Existing add-on aushelper@mozilla.org in app-system-defaults
1564431593505	addons.xpi	DEBUG	Existing add-on firefox@getpocket.com in app-system-defaults
1564431593505	addons.xpi	DEBUG	Existing add-on followonsearch@mozilla.com in app-system-defaults
1564431593505	addons.xpi	DEBUG	Existing add-on formautofill@mozilla.org in app-system-defaults
1564431593505	addons.xpi	DEBUG	Existing add-on jaws-esr@mozilla.org in app-system-defaults
1564431593505	addons.xpi	DEBUG	Existing add-on onboarding@mozilla.org in app-system-defaults
1564431593505	addons.xpi	DEBUG	Existing add-on screenshots@mozilla.org in app-system-defaults
1564431593506	addons.xpi	DEBUG	Existing add-on webcompat@mozilla.org in app-system-defaults
1564431593506	addons.xpi	INFO	Mapping {972ce4c6-7e08-4474-a285-3208198ce6fd} to C:\Program Files (x86)\Mozilla Firefox\browser\extensions\{972ce4c6-7e08-4474-a285-3208198ce6fd}.xpi
1564431593506	addons.xpi	DEBUG	Existing add-on {972ce4c6-7e08-4474-a285-3208198ce6fd} in app-global
1564431593506	addons.xpi	DEBUG	getInstallState changed: false, state: {}

	at org.openqa.selenium.firefox.internal.NewProfileExtensionConnection.start(NewProfileExtensionConnection.java:113)
	... 31 more
]]>
    </failure>
  </testcase> <!-- @BeforeClass beforeClass -->
  <testcase name="@AfterClass afterClass" time="0.0" classname="tests.NewTest">
    <skipped/>
  </testcase> <!-- @AfterClass afterClass -->
  <testcase name="openMyBlog" time="0.002" classname="tests.NewTest">
    <skipped/>
  </testcase> <!-- openMyBlog -->
</testsuite> <!-- Default test -->
