<?xml version="1.0" encoding="UTF-8"?>
<testng-results skipped="0" failed="0" total="1" passed="1">
  <reporter-output>
  </reporter-output>
  <suite name="Suite" duration-ms="12556" started-at="2019-07-30T10:34:02Z" finished-at="2019-07-30T10:34:15Z">
    <groups>
    </groups>
    <test name="Test" duration-ms="12556" started-at="2019-07-30T10:34:02Z" finished-at="2019-07-30T10:34:15Z">
      <class name="tests.NewTest">
        <test-method status="PASS" signature="beforeClass()[pri:0, instance:tests.NewTest@77caeb3e]" name="beforeClass" is-config="true" duration-ms="5950" started-at="2019-07-30T12:34:02Z" finished-at="2019-07-30T12:34:08Z">
          <reporter-output>
          </reporter-output>
        </test-method> <!-- beforeClass -->
        <test-method status="PASS" signature="openMyBlog()[pri:0, instance:tests.NewTest@77caeb3e]" name="openMyBlog" duration-ms="5378" started-at="2019-07-30T12:34:08Z" finished-at="2019-07-30T12:34:14Z">
          <reporter-output>
          </reporter-output>
        </test-method> <!-- openMyBlog -->
        <test-method status="PASS" signature="afterClass()[pri:0, instance:tests.NewTest@77caeb3e]" name="afterClass" is-config="true" duration-ms="1218" started-at="2019-07-30T12:34:14Z" finished-at="2019-07-30T12:34:15Z">
          <reporter-output>
          </reporter-output>
        </test-method> <!-- afterClass -->
      </class> <!-- tests.NewTest -->
    </test> <!-- Test -->
  </suite> <!-- Suite -->
</testng-results>
